<?xml version="1.0" encoding="UTF-8"?>
<testng-results ignored="0" total="8" passed="7" failed="1" skipped="0">
  <reporter-output>
  </reporter-output>
  <suite started-at="2024-08-15T22:03:57 IST" name="Default suite" finished-at="2024-08-15T22:04:04 IST" duration-ms="6366">
    <groups>
    </groups>
    <test started-at="2024-08-15T22:03:57 IST" name="Default test" finished-at="2024-08-15T22:04:04 IST" duration-ms="6366">
      <class name="nodejs_api.Registration_API">
        <test-method is-config="true" signature="setup()[pri:0, instance:nodejs_api.Registration_API@6379eb]" started-at="2024-08-15T22:03:57 IST" name="setup" finished-at="2024-08-15T22:03:58 IST" duration-ms="990" status="PASS">
          <reporter-output>
          </reporter-output>
        </test-method> <!-- setup -->
        <test-method signature="Existingemail()[pri:0, instance:nodejs_api.Registration_API@6379eb]" started-at="2024-08-15T22:03:59 IST" name="Existingemail" finished-at="2024-08-15T22:04:02 IST" duration-ms="3764" status="PASS">
          <reporter-output>
          </reporter-output>
        </test-method> <!-- Existingemail -->
        <test-method signature="Existingphone()[pri:0, instance:nodejs_api.Registration_API@6379eb]" started-at="2024-08-15T22:04:02 IST" name="Existingphone" finished-at="2024-08-15T22:04:03 IST" duration-ms="276" status="PASS">
          <reporter-output>
          </reporter-output>
        </test-method> <!-- Existingphone -->
        <test-method signature="emptyemailparameter()[pri:0, instance:nodejs_api.Registration_API@6379eb]" started-at="2024-08-15T22:04:03 IST" name="emptyemailparameter" finished-at="2024-08-15T22:04:03 IST" duration-ms="200" status="PASS">
          <reporter-output>
          </reporter-output>
        </test-method> <!-- emptyemailparameter -->
        <test-method signature="emptynameparameter()[pri:0, instance:nodejs_api.Registration_API@6379eb]" started-at="2024-08-15T22:04:03 IST" name="emptynameparameter" finished-at="2024-08-15T22:04:03 IST" duration-ms="207" status="PASS">
          <reporter-output>
          </reporter-output>
        </test-method> <!-- emptynameparameter -->
        <test-method signature="emptyphoneparameter()[pri:0, instance:nodejs_api.Registration_API@6379eb]" started-at="2024-08-15T22:04:03 IST" name="emptyphoneparameter" finished-at="2024-08-15T22:04:03 IST" duration-ms="196" status="PASS">
          <reporter-output>
          </reporter-output>
        </test-method> <!-- emptyphoneparameter -->
        <test-method signature="invalidemail()[pri:0, instance:nodejs_api.Registration_API@6379eb]" started-at="2024-08-15T22:04:03 IST" name="invalidemail" finished-at="2024-08-15T22:04:03 IST" duration-ms="200" status="PASS">
          <reporter-output>
          </reporter-output>
        </test-method> <!-- invalidemail -->
        <test-method signature="invalidphone()[pri:0, instance:nodejs_api.Registration_API@6379eb]" started-at="2024-08-15T22:04:03 IST" name="invalidphone" finished-at="2024-08-15T22:04:04 IST" duration-ms="220" status="PASS">
          <reporter-output>
          </reporter-output>
        </test-method> <!-- invalidphone -->
        <test-method signature="successfulregistration()[pri:0, instance:nodejs_api.Registration_API@6379eb]" started-at="2024-08-15T22:04:04 IST" name="successfulregistration" finished-at="2024-08-15T22:04:04 IST" duration-ms="238" status="FAIL">
          <exception class="java.lang.AssertionError">
            <message>
              <![CDATA[Success message is incorrect expected [true] but found [false]]]>
            </message>
            <full-stacktrace>
              <![CDATA[java.lang.AssertionError: Success message is incorrect expected [true] but found [false]
at org.testng.Assert.fail(Assert.java:99)
at org.testng.Assert.failNotEquals(Assert.java:1037)
at org.testng.Assert.assertEqualsImpl(Assert.java:140)
at org.testng.Assert.assertEquals(Assert.java:122)
at nodejs_api.Registration_API.successfulregistration(Registration_API.java:39)
at java.base/jdk.internal.reflect.DirectMethodHandleAccessor.invoke(DirectMethodHandleAccessor.java:103)
at java.base/java.lang.reflect.Method.invoke(Method.java:580)
at org.testng.internal.MethodInvocationHelper.invokeMethod(MethodInvocationHelper.java:133)
at org.testng.internal.TestInvoker.invokeMethod(TestInvoker.java:598)
at org.testng.internal.TestInvoker.invokeTestMethod(TestInvoker.java:173)
at org.testng.internal.MethodRunner.runInSequence(MethodRunner.java:46)
at org.testng.internal.TestInvoker$MethodInvocationAgent.invoke(TestInvoker.java:824)
at org.testng.internal.TestInvoker.invokeTestMethods(TestInvoker.java:146)
at org.testng.internal.TestMethodWorker.invokeTestMethods(TestMethodWorker.java:146)
at org.testng.internal.TestMethodWorker.run(TestMethodWorker.java:128)
at java.base/java.util.ArrayList.forEach(ArrayList.java:1596)
at org.testng.TestRunner.privateRun(TestRunner.java:794)
at org.testng.TestRunner.run(TestRunner.java:596)
at org.testng.SuiteRunner.runTest(SuiteRunner.java:377)
at org.testng.SuiteRunner.runSequentially(SuiteRunner.java:371)
at org.testng.SuiteRunner.privateRun(SuiteRunner.java:332)
at org.testng.SuiteRunner.run(SuiteRunner.java:276)
at org.testng.SuiteRunnerWorker.runSuite(SuiteRunnerWorker.java:53)
at org.testng.SuiteRunnerWorker.run(SuiteRunnerWorker.java:96)
at org.testng.TestNG.runSuitesSequentially(TestNG.java:1212)
at org.testng.TestNG.runSuitesLocally(TestNG.java:1134)
at org.testng.TestNG.runSuites(TestNG.java:1063)
at org.testng.TestNG.run(TestNG.java:1031)
at org.testng.remote.AbstractRemoteTestNG.run(AbstractRemoteTestNG.java:115)
at org.testng.remote.RemoteTestNG.initAndRun(RemoteTestNG.java:251)
at org.testng.remote.RemoteTestNG.main(RemoteTestNG.java:77)
]]>
            </full-stacktrace>
          </exception> <!-- java.lang.AssertionError -->
          <reporter-output>
          </reporter-output>
        </test-method> <!-- successfulregistration -->
      </class> <!-- nodejs_api.Registration_API -->
    </test> <!-- Default test -->
  </suite> <!-- Default suite -->
</testng-results>
